  ActionManager.cpp
c:\users\guila\documents\visual studio 2015\projects\pokemonbattlesim\pokemonbattlesim\actionmanager.cpp(33): warning C4244: '*=': conversion from 'double' to 'int', possible loss of data
c:\users\guila\documents\visual studio 2015\projects\pokemonbattlesim\pokemonbattlesim\actionmanager.cpp(34): warning C4244: '*=': conversion from 'double' to 'int', possible loss of data
c:\users\guila\documents\visual studio 2015\projects\pokemonbattlesim\pokemonbattlesim\actionmanager.cpp(163): warning C4800: 'int': forcing value to bool 'true' or 'false' (performance warning)
c:\users\guila\documents\visual studio 2015\projects\pokemonbattlesim\pokemonbattlesim\actionmanager.cpp(590): warning C4244: 'argument': conversion from 'double' to 'int', possible loss of data
c:\users\guila\documents\visual studio 2015\projects\pokemonbattlesim\pokemonbattlesim\actionmanager.cpp(590): warning C4244: '*=': conversion from 'double' to 'int', possible loss of data
c:\users\guila\documents\visual studio 2015\projects\pokemonbattlesim\pokemonbattlesim\actionmanager.cpp(597): warning C4800: 'int': forcing value to bool 'true' or 'false' (performance warning)
c:\users\guila\documents\visual studio 2015\projects\pokemonbattlesim\pokemonbattlesim\actionmanager.cpp(804): warning C4267: 'initializing': conversion from 'size_t' to 'int', possible loss of data
  Generating Code...
  Compiling...
  Util.cpp
c:\users\guila\documents\visual studio 2015\projects\pokemonbattlesim\pokemonbattlesim\util.cpp(33): warning C4267: 'return': conversion from 'size_t' to 'int', possible loss of data
  Team.cpp
  PokemonBattleSim.cpp
c:\users\guila\documents\visual studio 2015\projects\pokemonbattlesim\pokemonbattlesim\pokemonbattlesim.cpp(40): warning C4244: 'argument': conversion from 'time_t' to 'unsigned int', possible loss of data
  Pokemon.cpp
  MoveEffectManager.cpp
c:\users\guila\documents\visual studio 2015\projects\pokemonbattlesim\pokemonbattlesim\moveeffectmanager.cpp(127): warning C4244: 'argument': conversion from 'double' to 'int', possible loss of data
c:\users\guila\documents\visual studio 2015\projects\pokemonbattlesim\pokemonbattlesim\moveeffectmanager.cpp(132): warning C4244: 'argument': conversion from 'double' to 'int', possible loss of data
  FileReader.cpp
c:\users\guila\documents\visual studio 2015\projects\pokemonbattlesim\pokemonbattlesim\filereader.cpp(34): warning C4267: '=': conversion from 'size_t' to 'int', possible loss of data
c:\users\guila\documents\visual studio 2015\projects\pokemonbattlesim\pokemonbattlesim\filereader.cpp(35): warning C4267: '=': conversion from 'size_t' to 'int', possible loss of data
c:\users\guila\documents\visual studio 2015\projects\pokemonbattlesim\pokemonbattlesim\filereader.cpp(200): warning C4267: 'initializing': conversion from 'size_t' to 'int', possible loss of data
c:\users\guila\documents\visual studio 2015\projects\pokemonbattlesim\pokemonbattlesim\filereader.cpp(240): warning C4267: 'initializing': conversion from 'size_t' to 'int', possible loss of data
c:\users\guila\documents\visual studio 2015\projects\pokemonbattlesim\pokemonbattlesim\filereader.cpp(274): warning C4267: '=': conversion from 'size_t' to 'int', possible loss of data
c:\users\guila\documents\visual studio 2015\projects\pokemonbattlesim\pokemonbattlesim\filereader.cpp(277): warning C4267: '=': conversion from 'size_t' to 'int', possible loss of data
c:\users\guila\documents\visual studio 2015\projects\pokemonbattlesim\pokemonbattlesim\filereader.cpp(280): warning C4267: '=': conversion from 'size_t' to 'int', possible loss of data
c:\users\guila\documents\visual studio 2015\projects\pokemonbattlesim\pokemonbattlesim\filereader.cpp(283): warning C4267: '=': conversion from 'size_t' to 'int', possible loss of data
c:\users\guila\documents\visual studio 2015\projects\pokemonbattlesim\pokemonbattlesim\filereader.cpp(286): warning C4267: '=': conversion from 'size_t' to 'int', possible loss of data
c:\users\guila\documents\visual studio 2015\projects\pokemonbattlesim\pokemonbattlesim\filereader.cpp(289): warning C4267: '=': conversion from 'size_t' to 'int', possible loss of data
c:\users\guila\documents\visual studio 2015\projects\pokemonbattlesim\pokemonbattlesim\filereader.cpp(321): warning C4267: '=': conversion from 'size_t' to 'int', possible loss of data
c:\users\guila\documents\visual studio 2015\projects\pokemonbattlesim\pokemonbattlesim\filereader.cpp(325): warning C4267: '=': conversion from 'size_t' to 'int', possible loss of data
c:\users\guila\documents\visual studio 2015\projects\pokemonbattlesim\pokemonbattlesim\filereader.cpp(329): warning C4267: '=': conversion from 'size_t' to 'int', possible loss of data
c:\users\guila\documents\visual studio 2015\projects\pokemonbattlesim\pokemonbattlesim\filereader.cpp(333): warning C4267: '=': conversion from 'size_t' to 'int', possible loss of data
c:\users\guila\documents\visual studio 2015\projects\pokemonbattlesim\pokemonbattlesim\filereader.cpp(337): warning C4267: '=': conversion from 'size_t' to 'int', possible loss of data
c:\users\guila\documents\visual studio 2015\projects\pokemonbattlesim\pokemonbattlesim\filereader.cpp(341): warning C4267: '=': conversion from 'size_t' to 'int', possible loss of data
  DamageManager.cpp
c:\users\guila\documents\visual studio 2015\projects\pokemonbattlesim\pokemonbattlesim\damagemanager.cpp(133): warning C4244: '*=': conversion from 'double' to 'int', possible loss of data
c:\users\guila\documents\visual studio 2015\projects\pokemonbattlesim\pokemonbattlesim\damagemanager.cpp(137): warning C4244: '*=': conversion from 'double' to 'int', possible loss of data
c:\users\guila\documents\visual studio 2015\projects\pokemonbattlesim\pokemonbattlesim\damagemanager.cpp(141): warning C4244: '*=': conversion from 'double' to 'int', possible loss of data
c:\users\guila\documents\visual studio 2015\projects\pokemonbattlesim\pokemonbattlesim\damagemanager.cpp(142): warning C4244: '*=': conversion from 'double' to 'int', possible loss of data
c:\users\guila\documents\visual studio 2015\projects\pokemonbattlesim\pokemonbattlesim\damagemanager.cpp(162): warning C4244: '*=': conversion from 'double' to 'int', possible loss of data
c:\users\guila\documents\visual studio 2015\projects\pokemonbattlesim\pokemonbattlesim\damagemanager.cpp(166): warning C4244: '*=': conversion from 'double' to 'int', possible loss of data
c:\users\guila\documents\visual studio 2015\projects\pokemonbattlesim\pokemonbattlesim\damagemanager.cpp(170): warning C4244: '*=': conversion from 'double' to 'int', possible loss of data
c:\users\guila\documents\visual studio 2015\projects\pokemonbattlesim\pokemonbattlesim\damagemanager.cpp(171): warning C4244: '*=': conversion from 'double' to 'int', possible loss of data
c:\users\guila\documents\visual studio 2015\projects\pokemonbattlesim\pokemonbattlesim\damagemanager.cpp(196): warning C4244: 'return': conversion from 'double' to 'int', possible loss of data
c:\users\guila\documents\visual studio 2015\projects\pokemonbattlesim\pokemonbattlesim\damagemanager.cpp(214): warning C4244: '+=': conversion from 'double' to 'int', possible loss of data
c:\users\guila\documents\visual studio 2015\projects\pokemonbattlesim\pokemonbattlesim\damagemanager.cpp(224): warning C4244: 'return': conversion from 'double' to 'int', possible loss of data
  ActivePokemon.cpp
c:\users\guila\documents\visual studio 2015\projects\pokemonbattlesim\pokemonbattlesim\activepokemon.cpp(162): warning C4244: '*=': conversion from 'double' to 'int', possible loss of data
c:\users\guila\documents\visual studio 2015\projects\pokemonbattlesim\pokemonbattlesim\activepokemon.cpp(421): warning C4244: 'argument': conversion from 'double' to 'int', possible loss of data
c:\users\guila\documents\visual studio 2015\projects\pokemonbattlesim\pokemonbattlesim\activepokemon.cpp(443): warning C4244: 'argument': conversion from 'double' to 'int', possible loss of data
  ActiveMove.cpp
c:\users\guila\documents\visual studio 2015\projects\pokemonbattlesim\pokemonbattlesim\activemove.cpp(24): warning C4244: '=': conversion from 'double' to 'int', possible loss of data
  Generating Code...
c:\users\guila\documents\visual studio 2015\projects\pokemonbattlesim\pokemonbattlesim\activepokemon.cpp(307): warning C4715: 'ActivePokemon::getStatBoost': not all control paths return a value
c:\users\guila\documents\visual studio 2015\projects\pokemonbattlesim\pokemonbattlesim\util.cpp(286): warning C4715: 'Util::getStatBoostStringFromEnum': not all control paths return a value
  Skipping... (no relevant changes detected)
  TurnAction.cpp
  Move.cpp
  PokemonBattleSim.vcxproj -> C:\Users\Guila\documents\visual studio 2015\Projects\PokemonBattleSim\x64\Debug\PokemonBattleSim.exe
  PokemonBattleSim.vcxproj -> C:\Users\Guila\documents\visual studio 2015\Projects\PokemonBattleSim\x64\Debug\PokemonBattleSim.pdb (Full PDB)
